positions: instr line
events: cpu(ms)

ob=
fl=(1) /usr/local/Cellar/go/1.14/libexec/src/runtime/sys_darwin.go
fn=(1) runtime.pthread_cond_wait
0x4055c18 390 1340

ob=
fl=(2) /usr/local/Cellar/go/1.14/libexec/src/runtime/malloc.go
fn=(2) runtime.mallocgc
-291352 1113 850

ob=
fl=(1)
fn=(3) runtime.usleep
+289856 239 490

ob=
fl=(1)
fn=(4) syscall.syscall
-1664 64 410

ob=
fl=(3) /usr/local/Cellar/go/1.14/libexec/src/runtime/memclr_amd64.s
fn=(5) runtime.memclrNoHeapPointers
+81287 146 310

ob=
fl=(2)
fn=(6) runtime.nextFreeFast
-368395 840 280

ob=
fl=(1)
fn=(7) runtime.kevent
+289868 355 270
cfl=(1)
cfn=(8) runtime.libcCall
calls=0 +286990 48
* * 70

ob=
fl=(1)
fn=(9) runtime.nanotime1
-897 260 250

ob=
fl=(4) /usr/local/Cellar/go/1.14/libexec/src/runtime/mfixalloc.go
fn=(10) runtime.(*fixalloc).alloc
-239049 72 100

ob=
fl=(5) /usr/local/Cellar/go/1.14/libexec/src/syscall/zsyscall_darwin_amd64.go
fn=(11) syscall.Close
+386129 519 90

ob=
fl=(6) /usr/local/Cellar/go/1.14/libexec/src/runtime/proc.go
fn=(12) runtime.findrunnable
-245825 2324 70

ob=
fl=(1)
fn=(8)
+96764 48 70

ob=
fl=(7) /usr/local/Cellar/go/1.14/libexec/src/runtime/lock_sema.go
fn=(13) runtime.lock
-294938 43 50

ob=
fl=(8) /usr/local/Cellar/go/1.14/libexec/src/runtime/mbitmap.go
fn=(14) runtime.heapBitsSetType
+46162 1229 50

ob=
fl=(3)
fn=(5)
+330157 135 50

ob=
fl=(9) /usr/local/Cellar/go/1.14/libexec/src/runtime/netpoll_kqueue.go
fn=(15) runtime.netpoll
-222768 105 40

ob=
fl=(6)
fn=(16) runtime.startm
+40051 1882 40

ob=
fl=(1)
fn=(17) runtime.pthread_cond_signal
+104774 404 40

ob=
fl=(6)
fn=(18) runtime.schedule
-97245 2466 30

ob=
fl=(10) /usr/local/Cellar/go/1.14/libexec/src/runtime/runtime2.go
fn=(19) runtime.(*muintptr).set
+17981 300 30

ob=
fl=(11) /usr/local/Cellar/go/1.14/libexec/src/runtime/asm_amd64.s
fn=(20) runtime.asmcgocall
+150733 688 30

ob=
fl=(3)
fn=(5)
+6286 76 30

ob=
fl=(12) /usr/local/Cellar/go/1.14/libexec/src/runtime/map_faststr.go
fn=(21) runtime.mapassign_faststr
-342160 281 20

ob=
fl=(8)
fn=(14)
+12574 1250 20

ob=
fl=(13) /usr/local/Cellar/go/1.14/libexec/src/runtime/mgcmark.go
fn=(22) runtime.scanobject
+37711 1264 20

ob=
fl=(14) /usr/local/Cellar/go/1.14/libexec/src/runtime/time_nofake.go
fn=(23) runtime.nanotime
+5569 19 20

ob=
fl=(15) /usr/local/Cellar/go/1.14/libexec/src/runtime/mheap.go
fn=(24) runtime.(*mheap).allocSpan
+20363 1259 20

ob=
fl=(15)
fn=(25) runtime.addspecial
+4455 1623 20

ob=
fl=(1)
fn=(26) syscall.syscall6
+180509 75 20

ob=
fl=(1)
fn=(27) syscall.rawSyscall
+283 107 20

ob=
fl=(1)
fn=(28) runtime.write1
+1357 246 20

ob=
fl=(3)
fn=(5)
+79132 32 20

ob=
fl=(16) /usr/local/Cellar/go/1.14/libexec/src/runtime/memmove_amd64.s
fn=(29) runtime.memmove
+925 183 20

ob=
fl=(17) /usr/local/Cellar/go/1.14/libexec/src/os/exec_unix.go
fn=(30) os.(*Process).wait
+163248 46 20

ob=
fl=(18) /usr/local/Cellar/go/1.14/libexec/src/os/exec/exec.go
fn=(31) os/exec.(*Cmd).Start.func2
+770279 444 20

ob=
fl=(19) /usr/local/Cellar/go/1.14/libexec/src/runtime/lfstack.go
fn=(32) runtime.(*lfstack).pop
-1310672 50 10

ob=
fl=(2)
fn=(6)
+7752 840 10

ob=
fl=(20) /usr/local/Cellar/go/1.14/libexec/src/runtime/mcache.go
fn=(33) runtime.(*mcache).refill
+43178 134 10

ob=
fl=(21) /usr/local/Cellar/go/1.14/libexec/src/runtime/mcentral.go
fn=(34) runtime.(*mcentral).cacheSpan
+995 128 10

ob=
fl=(4)
fn=(10)
+6326 88 10

ob=
fl=(22) /usr/local/Cellar/go/1.14/libexec/src/runtime/mgc.go
fn=(35) runtime.(*gcControllerState).startCycle
+1265 463 10

ob=
fl=(23) /usr/local/Cellar/go/1.14/libexec/src/runtime/mgcwork.go
fn=(36) runtime.(*gcWork).tryGetFast
+23389 307 10

ob=
fl=(24) /usr/local/Cellar/go/1.14/libexec/src/runtime/mgcsweep.go
fn=(37) runtime.sweepone
+14539 117 10

ob=
fl=(25) /usr/local/Cellar/go/1.14/libexec/src/runtime/mgcsweepbuf.go
fn=(38) runtime.(*gcSweepBuf).push
+4179 117 10

ob=
fl=(15)
fn=(39) runtime.(*mheap).setSpans
+7285 913 10

ob=
fl=(15)
fn=(40) runtime.(*mSpanList).insertBack
+5507 1529 10

ob=
fl=(4)
fn=(41) runtime.(*fixalloc).free
+1886 97 10

ob=
fl=(26) /usr/local/Cellar/go/1.14/libexec/src/runtime/mprof.go
fn=(42) runtime.mProf_Free
+20447 367 10

ob=
fl=(9)
fn=(15)
+17368 146 10

ob=
fl=(6)
fn=(43) runtime.casgstatus
+31904 786 10

ob=
fl=(6)
fn=(44) runtime.runSafePointFn
+4226 1330 10

ob=
fl=(6)
fn=(12)
+6585 2160 10

ob=
fl=(14)
fn=(23)
+1642 19 10

ob=
fl=(27) /usr/local/Cellar/go/1.14/libexec/src/runtime/profbuf.go
fn=(45) runtime.(*profAtomic).store
+34057 122 10

ob=
fl=(28) /usr/local/Cellar/go/1.14/libexec/src/runtime/select.go
fn=(46) runtime.selectgo
+11276 291 10

ob=
fl=(29) /usr/local/Cellar/go/1.14/libexec/src/runtime/stack.go
fn=(47) runtime.stackcacherefill
+22951 271 10

ob=
fl=(30) /usr/local/Cellar/go/1.14/libexec/src/runtime/string.go
fn=(48) runtime.findnull
+17504 448 10

ob=
fl=(1)
fn=(49) runtime.madvise
+12339 201 10

ob=
fl=(1)
fn=(9)
+657 264 10

ob=
fl=(31) /usr/local/Cellar/go/1.14/libexec/src/runtime/time.go
fn=(50) runtime.doaddtimer
+2907 291 10
+96 294 10

ob=
fl=(31)
fn=(51) runtime.updateTimer0When
+1439 1001 10

ob=
fl=(31)
fn=(52) runtime.timeSleepUntil
+6333 1016 10
+81 1024 10

ob=
fl=(11)
fn=(53) runtime.systemstack
+55872 376 10

ob=
fl=(3)
fn=(5)
+12643 142 10
+33 152 10
+44 162 10
+63 174 10

ob=
fl=(16)
fn=(29)
+346 172 10
+12 177 10
+804 380 10

ob=
fl=(32) /usr/local/Cellar/go/1.14/libexec/src/sync/rwmutex.go
fn=(54) sync.(*RWMutex).Unlock
+40297 126 10

ob=
fl=(33) /usr/local/Cellar/go/1.14/libexec/src/internal/testlog/log.go
fn=(55) internal/testlog.Stat
+34662 66 10

ob=
fl=(34) /usr/local/Cellar/go/1.14/libexec/src/os/file_unix.go
fn=(56) os.newFile
+94312 113 10

ob=
fl=(35) /usr/local/Cellar/go/1.14/libexec/src/reflect/value.go
fn=(57) reflect.Value.SetUint
+142531 1687 10

ob=
fl=(36) /usr/local/Cellar/go/1.14/libexec/src/strings/strings.go
fn=(58) strings.genSplit
+112855 264 10

ob=
fl=(37) /usr/local/Cellar/go/1.14/libexec/src/bytes/buffer.go
fn=(59) bytes.(*Buffer).ReadFrom
+31859 200 10

ob=
fl=(18)
fn=(60) os/exec.(*Cmd).Start
+470810 417 10

ob=
fl=(38) /usr/local/Cellar/go/1.14/libexec/src/io/io.go
fn=(61) io.Copy
+5094 364 10

ob=
fl=(39) /Users/flaviostutz/Documents/development/flaviostutz/perfstat/stats/process.go
fn=(62) github.com/flaviostutz/perfstat/stats.(*ProcessStats).processStep
+1498086 224 10

ob=
fl=(40) /usr/local/Cellar/go/1.14/libexec/src/runtime/chan.go
fn=(63) runtime.makechan
-2831249 105 0
cfl=(2)
cfn=(64) runtime.newobject
calls=0 -2799253 1165
* * 10
+39 106 0
cfl=(2)
cfn=(2)
calls=0 +31057 1034
* * 10
+74 95 0
cfl=(2)
cfn=(2)
calls=0 +31018 1034
* * 30
cfl=(2)
cfn=(2)
calls=0 +30883 1040
* * 10

ob=
fl=(41) /usr/local/Cellar/go/1.14/libexec/src/runtime/cpuprof.go
fn=(65) runtime/pprof.readProfile
+7845 208 0
cfl=(27)
cfn=(66) runtime.(*profBuf).read
calls=0 +255230 454
* * 10

ob=
fl=(7)
fn=(67) runtime.notewakeup
+15863 153 0
cfl=(42) /usr/local/Cellar/go/1.14/libexec/src/runtime/os_darwin.go
cfn=(68) runtime.semawakeup
calls=0 +170250 73
* * 40

ob=
fl=(7)
fn=(69) runtime.notesleep
+263 173 0
cfl=(42)
cfn=(70) runtime.semasleep
calls=0 +154012 63
* * 1340

ob=
fl=(2)
fn=(71) runtime.(*mcache).nextFree
+4535 868 0
cfl=(20)
cfn=(33)
calls=0 +49685 138
* * 70
cfl=(20)
cfn=(33)
calls=0 +49659 134
* * 10

ob=
fl=(2)
fn=(2)
+1471 1129 0
cfl=(22)
cfn=(72) runtime.gcStart
calls=0 +59034 1317
* * 10
+91 1116 0
cfl=(2)
cfn=(73) runtime.profilealloc
calls=0 +2515 1197
* * 10
+205 1066 0
cfl=(8)
cfn=(14)
calls=0 +39090 1229
* * 50
cfl=(8)
cfn=(14)
calls=0 +39473 1250
* * 20
+179 1010 0
cfl=(2)
cfn=(6)
calls=0 +179 840
* * 10
+357 1040 0
cfl=(3)
cfn=(5)
calls=0 +368887 146
* * 240
cfl=(3)
cfn=(5)
calls=0 +368863 135
* * 50
cfl=(3)
cfn=(5)
calls=0 +368468 32
* * 20
cfl=(3)
cfn=(5)
calls=0 +368675 76
* * 10
cfl=(3)
cfn=(5)
calls=0 +368909 152
* * 10
cfl=(3)
cfn=(5)
calls=0 +368953 162
* * 10
cfl=(3)
cfn=(5)
calls=0 +369016 174
* * 10
+61 1036 0
cfl=(2)
cfn=(71)
calls=0 -2303 868
* * 80
+74 1034 0
cfl=(2)
cfn=(6)
calls=0 +74 840
* * 280

ob=
fl=(2)
fn=(64)
+939 1165 0
cfl=(2)
cfn=(2)
calls=0 -1084 1113
* * 850
cfl=(2)
cfn=(2)
calls=0 -135 1040
* * 330
cfl=(2)
cfn=(2)
calls=0 * 1034
* * 170
cfl=(2)
cfn=(2)
calls=0 -671 1066
* * 60
cfl=(2)
cfn=(2)
calls=0 -74 1036
* * 40
cfl=(2)
cfn=(2)
calls=0 -967 1129
* * 10

ob=
fl=(2)
fn=(74) runtime.newarray
+331 1187 0
cfl=(2)
cfn=(2)
calls=0 -939 1034
* * 10

ob=
fl=(2)
fn=(73)
+278 1197 0
cfl=(26)
cfn=(75) runtime.mProf_Malloc
calls=0 +127072 356
* * 10

ob=
fl=(43) /usr/local/Cellar/go/1.14/libexec/src/runtime/map.go
fn=(76) runtime.makemap
+2934 328 0
cfl=(43)
cfn=(77) runtime.makeBucketArray
calls=0 +3546 362
* * 10

ob=
fl=(43)
fn=(77)
+612 362 0
cfl=(2)
cfn=(74)
calls=0 -3212 1187
* * 10

ob=
fl=(20)
fn=(33)
+37618 138 0
cfl=(21)
cfn=(34)
calls=0 +38921 106
* * 50
cfl=(21)
cfn=(34)
calls=0 +38587 128
* * 10
cfl=(21)
cfn=(34)
calls=0 +38978 111
* * 10

ob=
fl=(21)
fn=(34)
+1303 106 0
cfl=(21)
cfn=(78) runtime.(*mcentral).grow
calls=0 +2532 255
* * 50
+57 111 0
cfl=(15)
cfn=(40)
calls=0 +62156 1529
* * 10

ob=
fl=(21)
fn=(78)
+1172 255 0
cfl=(15)
cfn=(79) runtime.(*mheap).alloc
calls=0 +56284 865
* * 30
cfl=(15)
cfn=(79)
calls=0 +56364 876
* * 20

ob=
fl=(44) /usr/local/Cellar/go/1.14/libexec/src/runtime/mfinal.go
fn=(80) runtime.SetFinalizer
+3383 417 0
cfl=(11)
cfn=(53)
calls=0 +310477 370
* * 190
+325 368 0
cfl=(11)
cfn=(53)
calls=0 +307094 370
* * 10

ob=
fl=(4)
fn=(10)
+1023 75 0
cfl=(3)
cfn=(5)
calls=0 +319443 146
* * 60
cfl=(3)
cfn=(5)
calls=0 +319432 142
* * 10

ob=
fl=(22)
fn=(72)
+6621 1317 0
cfl=(22)
cfn=(35)
calls=0 +1297 463
* * 10

ob=
fl=(22)
fn=(81) runtime.gcBgMarkWorker
+5341 1919 0
cfl=(11)
cfn=(53)
calls=0 +299125 370
* * 40

ob=
fl=(13)
fn=(82) runtime.gcDrain
+12381 1032 0
cfl=(13)
cfn=(22)
calls=0 +14371 1264
* * 20
+343 1017 0
cfl=(23)
cfn=(36)
calls=0 +343 307
* * 10
+38 1014 0
cfl=(23)
cfn=(83) runtime.(*gcWork).balance
calls=0 +20607 365
* * 10

ob=
fl=(45) /usr/local/Cellar/go/1.14/libexec/src/runtime/mgcscavenge.go
fn=(84) runtime.wakeScavenger
+6949 169 0
cfl=(7)
cfn=(13)
calls=0 -82647 43
* * 10
+74 186 0
cfl=(45)
cfn=(85) runtime.wakeScavenger.func1
calls=0 +264062 187
* * 10

ob=
fl=(45)
fn=(86) runtime.scavengeSleep
+102 210 0
cfl=(31)
cfn=(87) time.resetTimer
calls=0 +102 233
* * 20

ob=
fl=(31)
fn=(87)
* 233 0
cfl=(31)
cfn=(88) runtime.resettimer
calls=0 +212544 504
* * 20

ob=
fl=(45)
fn=(86)
+53 217 0
cfl=(14)
cfn=(23)
calls=0 +53 19
* * 20

ob=
fl=(45)
fn=(89) runtime.bgscavenge
+349 264 0
cfl=(11)
cfn=(53)
calls=0 +273844 370
* * 10
+98 315 0
cfl=(45)
cfn=(86)
calls=0 -402 210
* * 20
cfl=(45)
cfn=(86)
calls=0 -349 217
* * 20

ob=
fl=(45)
fn=(90) runtime.(*pageAlloc).scavengeOne
+2288 469 0
cfl=(45)
cfn=(91) runtime.(*pageAlloc).scavengeRangeLocked
calls=0 +2744 588
* * 10

ob=
fl=(45)
fn=(91)
+456 588 0
cfl=(46) /usr/local/Cellar/go/1.14/libexec/src/runtime/mem_darwin.go
cfn=(92) runtime.sysUnused
calls=0 +456 26
* * 10

ob=
fl=(46)
fn=(92)
* 26 0
cfl=(1)
cfn=(49)
calls=0 +203288 201
* * 10

ob=
fl=(24)
fn=(93) runtime.bgsweep
+3761 73 0
cfl=(24)
cfn=(37)
calls=0 +4587 136
* * 20
cfl=(24)
cfn=(37)
calls=0 +4132 117
* * 10

ob=
fl=(24)
fn=(37)
+826 136 0
cfl=(24)
cfn=(94) runtime.(*mspan).sweep
calls=0 +1926 278
* * 10
cfl=(24)
cfn=(94)
calls=0 +2998 398
* * 10

ob=
fl=(24)
fn=(94)
+1100 278 0
cfl=(15)
cfn=(95) runtime.freespecial
calls=0 +18731 1763
* * 10
+1072 398 0
cfl=(25)
cfn=(38)
calls=0 +2624 117
* * 10

ob=
fl=(23)
fn=(83)
+3441 365 0
cfl=(23)
cfn=(96) runtime.handoff
calls=0 +4614 498
* * 10

ob=
fl=(23)
fn=(97) runtime.getempty
+746 421 0
cfl=(19)
cfn=(32)
calls=0 -103512 50
* * 10

ob=
fl=(23)
fn=(96)
+427 498 0
cfl=(23)
cfn=(97)
calls=0 * 421
* * 10

ob=
fl=(15)
fn=(79)
+3915 865 0
cfl=(11)
cfn=(53)
calls=0 +259280 370
* * 30
+80 876 0
cfl=(3)
cfn=(5)
calls=0 +267827 76
* * 20

ob=
fl=(15)
fn=(24)
+1610 1242 0
cfl=(15)
cfn=(39)
calls=0 +228 913
* * 10

ob=
fl=(15)
fn=(98) runtime.addfinalizer
+5334 1686 0
cfl=(4)
cfn=(10)
calls=0 -52124 72
* * 100
cfl=(4)
cfn=(10)
calls=0 -52071 75
* * 60
cfl=(4)
cfn=(10)
calls=0 -52039 88
* * 10
+128 1693 0
cfl=(15)
cfn=(25)
calls=0 -685 1623
* * 20

ob=
fl=(15)
fn=(99) runtime.removefinalizer
+549 1727 0
cfl=(4)
cfn=(41)
calls=0 +549 97
* * 10

ob=
fl=(15)
fn=(100) runtime.setprofilebucket
+123 1742 0
cfl=(4)
cfn=(10)
calls=0 -58082 75
* * 10

ob=
fl=(15)
fn=(95)
+206 1763 0
cfl=(26)
cfn=(42)
calls=0 +20324 367
* * 10

ob=
fl=(26)
fn=(75)
+19956 356 0
cfl=(11)
cfn=(53)
calls=0 +247335 370
* * 10

ob=
fl=(47) /usr/local/Cellar/go/1.14/libexec/src/runtime/netpoll.go
fn=(101) internal/poll.runtime_pollOpen
+11520 153 0
cfl=(9)
cfn=(102) runtime.netpollopen
calls=0 +16924 62
* * 10

ob=
fl=(47)
fn=(103) internal/poll.runtime_pollClose
+191 169 0
cfl=(47)
cfn=(104) runtime.(*pollCache).free
calls=0 +346 173
* * 20

ob=
fl=(47)
fn=(104)
+155 173 0
cfl=(7)
cfn=(13)
calls=0 -148001 43
* * 20

ob=
fl=(47)
fn=(105) internal/poll.runtime_pollUnblock
+1981 308 0
cfl=(7)
cfn=(13)
calls=0 -148156 43
* * 10

ob=
fl=(9)
fn=(102)
+3077 62 0
cfl=(1)
cfn=(7)
calls=0 +147679 355
* * 10

ob=
fl=(9)
fn=(106) runtime.netpollBreak
+137 83 0
cfl=(14)
cfn=(107) runtime.write
calls=0 +137 30
* * 20

ob=
fl=(14)
fn=(107)
* 30 0
cfl=(1)
cfn=(28)
calls=0 +143441 246
* * 20

ob=
fl=(9)
fn=(15)
+310 120 0
cfl=(1)
cfn=(7)
calls=0 +144465 355
* * 330

ob=
fl=(42)
fn=(70)
+1063 63 0
cfl=(1)
cfn=(1)
calls=0 +144555 390
* * 1340

ob=
fl=(42)
fn=(68)
+375 73 0
cfl=(1)
cfn=(17)
calls=0 +143652 404
* * 40

ob=
fl=(6)
fn=(108) runtime.ready
+28341 674 0
cfl=(6)
cfn=(43)
calls=0 +30625 786
* * 10

ob=
fl=(6)
fn=(109) runtime.mstart
+4416 1041 0
cfl=(11)
cfn=(53)
calls=0 +180229 370
* * 30
+101 1062 0
cfl=(6)
cfn=(110) runtime.mstart1
calls=0 +322 1097
* * 560

ob=
fl=(6)
fn=(110)
+221 1097 0
cfl=(6)
cfn=(111) runtime.sysmon
calls=0 +33351 4473
* * 490
cfl=(6)
cfn=(111)
calls=0 +33357 4474
* * 20
cfl=(6)
cfn=(111)
calls=0 +33371 4475
* * 20
cfl=(6)
cfn=(111)
calls=0 +33886 4533
* * 20
cfl=(6)
cfn=(111)
calls=0 +34274 4496
* * 10

ob=
fl=(6)
fn=(112) runtime.stopm
+5053 1828 0
cfl=(7)
cfn=(69)
calls=0 -187203 173
* * 1340
+40 1830 0
cfl=(6)
cfn=(113) runtime.acquirep
calls=0 +25723 4272
* * 30

ob=
fl=(6)
fn=(16)
+363 1884 0
cfl=(7)
cfn=(67)
calls=0 -192559 153
* * 40

ob=
fl=(6)
fn=(12)
+3079 2172 0
cfl=(6)
cfn=(114) runtime.checkTimers
calls=0 +9234 2596
* * 70
cfl=(6)
cfn=(114)
calls=0 +8961 2621
* * 20
+1441 2323 0
cfl=(9)
cfn=(15)
calls=0 -43052 120
* * 230
cfl=(9)
cfn=(15)
calls=0 -43162 105
* * 20
cfl=(9)
cfn=(15)
calls=0 -42893 146
* * 10
+23 2325 0
cfl=(14)
cfn=(23)
calls=0 +23 19
* * 10
+4 2325 0
cfl=(14)
cfn=(23)
calls=0 +4 19
* * 110

ob=
fl=(14)
fn=(23)
* 19 0
cfl=(1)
cfn=(9)
calls=0 +98738 260
* * 110

ob=
fl=(6)
fn=(12)
+280 2092 0
cfl=(6)
cfn=(114)
calls=0 +4687 2596
* * 40
cfl=(6)
cfn=(114)
calls=0 +4414 2621
* * 10
+431 2360 0
cfl=(6)
cfn=(112)
calls=0 -5230 1828
* * 1340
cfl=(6)
cfn=(112)
calls=0 -5190 1830
* * 30
+68 2357 0
cfl=(9)
cfn=(106)
calls=0 -45541 83
* * 20
+527 2126 0
cfl=(9)
cfn=(15)
calls=0 -45299 120
* * 100
cfl=(9)
cfn=(15)
calls=0 -45409 105
* * 20
+409 2089 0
cfl=(6)
cfn=(44)
calls=0 -9537 1330
* * 10

ob=
fl=(6)
fn=(115) runtime.resetspinning
+650 2415 0
cfl=(6)
cfn=(116) runtime.wakep
calls=0 +650 1953
* * 50

ob=
fl=(6)
fn=(116)
* 1953 0
cfl=(6)
cfn=(16)
calls=0 -6944 1882
* * 30
cfl=(6)
cfn=(16)
calls=0 -6912 1884
* * 20

ob=
fl=(6)
fn=(18)
+1195 2527 0
cfl=(6)
cfn=(115)
calls=0 * 2415
* * 50
+30 2520 0
cfl=(6)
cfn=(12)
calls=0 -2849 2360
* * 1370
cfl=(6)
cfn=(12)
calls=0 -3587 2323
* * 260
cfl=(6)
cfn=(12)
calls=0 -2254 2126
* * 120
cfl=(6)
cfn=(12)
calls=0 -3560 2325
* * 110
cfl=(6)
cfn=(12)
calls=0 -5028 2172
* * 90
cfl=(6)
cfn=(12)
calls=0 -3567 2324
* * 70
cfl=(6)
cfn=(12)
calls=0 -3280 2092
* * 50
cfl=(6)
cfn=(12)
calls=0 -2781 2357
* * 20
cfl=(6)
cfn=(12)
calls=0 -5206 2160
* * 10
cfl=(6)
cfn=(12)
calls=0 -3564 2325
* * 10
cfl=(6)
cfn=(12)
calls=0 -1845 2089
* * 10

ob=
fl=(6)
fn=(114)
+824 2621 0
cfl=(31)
cfn=(117) runtime.runtimer
calls=0 +103464 776
* * 30
+273 2596 0
cfl=(14)
cfn=(23)
calls=0 +273 19
* * 110

ob=
fl=(14)
fn=(23)
* 19 0
cfl=(1)
cfn=(9)
calls=0 +94051 260
* * 110

ob=
fl=(6)
fn=(118) runtime.park_m
+312 2690 0
cfl=(6)
cfn=(18)
calls=0 -1097 2520
* * 1790
cfl=(6)
cfn=(18)
calls=0 -1737 2466
* * 30
cfl=(6)
cfn=(18)
calls=0 -1127 2527
* * 10

ob=
fl=(6)
fn=(119) runtime.goschedImpl
+505 2705 0
cfl=(6)
cfn=(18)
calls=0 -1409 2520
* * 10

ob=
fl=(6)
fn=(120) runtime.gopreempt_m
+590 2733 0
cfl=(6)
cfn=(119)
calls=0 * 2705
* * 10

ob=
fl=(6)
fn=(121) runtime.goexit0
+1147 2796 0
cfl=(48) /usr/local/Cellar/go/1.14/libexec/src/runtime/traceback.go
cfn=(122) runtime.isSystemGoroutine
calls=0 +132965 1040
* * 10
+375 2849 0
cfl=(6)
cfn=(18)
calls=0 -3651 2520
* * 320
cfl=(6)
cfn=(18)
calls=0 -3681 2527
* * 40

ob=
fl=(6)
fn=(123) runtime.newproc
+4504 3380 0
cfl=(11)
cfn=(53)
calls=0 +157872 370
* * 40

ob=
fl=(6)
fn=(124) runtime.newproc1
+143 3408 0
cfl=(6)
cfn=(125) runtime.gfget
calls=0 +2845 3591
* * 10
+102 3451 0
cfl=(3)
cfn=(5)
calls=0 +165899 146
* * 10
+559 3487 0
cfl=(6)
cfn=(116)
calls=0 +559 1953
* * 10

ob=
fl=(6)
fn=(116)
* 1953 0
cfl=(6)
cfn=(16)
calls=0 -17471 1884
* * 10

ob=
fl=(6)
fn=(124)
+131 3433 0
cfl=(16)
cfn=(29)
calls=0 +165713 172
* * 10
cfl=(16)
cfn=(29)
calls=0 +165725 177
* * 10

ob=
fl=(6)
fn=(125)
+1910 3591 0
cfl=(6)
cfn=(126) runtime.gfget.func1
calls=0 +150125 3592
* * 10

ob=
fl=(6)
fn=(127) runtime._System
+550 3754 0
cfl=(11)
cfn=(53)
calls=0 +150543 376
* * 10

ob=
fl=(6)
fn=(113)
+5258 4272 0
cfl=(6)
cfn=(128) runtime.wirep
calls=0 +5416 4307
* * 30

ob=
fl=(6)
fn=(128)
+158 4307 0
cfl=(10)
cfn=(19)
calls=0 +158 300
* * 30

ob=
fl=(6)
fn=(111)
+2196 4473 0
cfl=(1)
cfn=(3)
calls=0 +77608 239
* * 490

ob=
fl=(14)
fn=(23)
+6 19 0
cfl=(1)
cfn=(9)
calls=0 +75611 260
* * 20

ob=
fl=(6)
fn=(111)
* 4474 0
cfl=(14)
cfn=(23)
calls=0 * 19
* * 20
+14 4475 0
cfl=(31)
cfn=(52)
calls=0 +86422 1016
* * 10
cfl=(31)
cfn=(52)
calls=0 +86503 1024
* * 10
+515 4533 0
cfl=(6)
cfn=(16)
calls=0 -27726 1882
* * 10
cfl=(6)
cfn=(16)
calls=0 -27694 1884
* * 10

ob=
fl=(14)
fn=(23)
+388 19 0
cfl=(1)
cfn=(9)
calls=0 +75076 260
* * 10

ob=
fl=(6)
fn=(111)
* 4496 0
cfl=(14)
cfn=(23)
calls=0 * 19
* * 10

ob=
fl=(27)
fn=(66)
+10003 454 0
cfl=(27)
cfn=(45)
calls=0 +10003 122
* * 10

ob=
fl=(49) /usr/local/Cellar/go/1.14/libexec/src/runtime/slice.go
fn=(129) runtime.makeslice
+31233 49 0
cfl=(2)
cfn=(2)
calls=0 -224286 1034
* * 50
cfl=(2)
cfn=(2)
calls=0 -224360 1036
* * 40
cfl=(2)
cfn=(2)
calls=0 -225162 1116
* * 10
cfl=(2)
cfn=(2)
calls=0 -224778 1010
* * 10
cfl=(2)
cfn=(2)
calls=0 -224421 1040
* * 10

ob=
fl=(49)
fn=(130) runtime.growslice
+482 175 0
cfl=(2)
cfn=(2)
calls=0 -255519 1034
* * 10
+148 181 0
cfl=(2)
cfn=(2)
calls=0 -256672 1066
* * 10

ob=
fl=(29)
fn=(131) runtime.stackalloc
+3404 372 0
cfl=(29)
cfn=(47)
calls=0 +2364 271
* * 10

ob=
fl=(29)
fn=(132) runtime.newstack
+5184 1025 0
cfl=(6)
cfn=(120)
calls=0 -63226 2733
* * 10

ob=
fl=(50) /usr/local/Cellar/go/1.14/libexec/src/runtime/symtab.go
fn=(133) runtime.funcname
+19524 746 0
cfl=(30)
cfn=(134) runtime.gostringnocopy
calls=0 +19524 474
* * 10

ob=
fl=(30)
fn=(134)
* 474 0
cfl=(30)
cfn=(48)
calls=0 -8244 448
* * 10

ob=
fl=(31)
fn=(135) runtime.addInitializedTimer
+7471 267 0
cfl=(31)
cfn=(50)
calls=0 +7659 291
* * 10
cfl=(31)
cfn=(50)
calls=0 +7755 294
* * 10

ob=
fl=(31)
fn=(136) runtime.dodeltimer0
+1723 399 0
cfl=(31)
cfn=(51)
calls=0 +1723 1001
* * 10

ob=
fl=(31)
fn=(88)
+913 504 0
cfl=(31)
cfn=(135)
calls=0 -1723 267
* * 20

ob=
fl=(31)
fn=(117)
+2919 776 0
cfl=(31)
cfn=(137) runtime.runOneTimer
calls=0 +3981 878
* * 20
cfl=(31)
cfn=(137)
calls=0 +4035 859
* * 10

ob=
fl=(31)
fn=(137)
+1062 878 0
cfl=(45)
cfn=(138) runtime.bgscavenge.func1
calls=0 +48476 233
* * 20
+54 859 0
cfl=(31)
cfn=(136)
calls=0 -4894 399
* * 10

ob=
fl=(48)
fn=(122)
+30889 1040 0
cfl=(50)
cfn=(133)
calls=0 -14142 746
* * 10

ob=
fl=(44)
fn=(139) runtime.SetFinalizer.func1
+13653 369 0
cfl=(15)
cfn=(99)
calls=0 -221235 1727
* * 10

ob=
fl=(44)
fn=(140) runtime.SetFinalizer.func2
+104 418 0
cfl=(15)
cfn=(98)
calls=0 -235565 1686
* * 170
cfl=(15)
cfn=(98)
calls=0 -235437 1693
* * 20

ob=
fl=(22)
fn=(141) runtime.gcBgMarkWorker.func2
+1722 1932 0
cfl=(13)
cfn=(82)
calls=0 -268731 1032
* * 10
cfl=(13)
cfn=(82)
calls=0 -268388 1017
* * 10
cfl=(13)
cfn=(82)
calls=0 -268350 1014
* * 10
+158 1951 0
cfl=(13)
cfn=(82)
calls=0 -270453 1032
* * 10

ob=
fl=(45)
fn=(85)
+781 187 0
cfl=(6)
cfn=(108)
calls=0 -169437 674
* * 10

ob=
fl=(45)
fn=(138)
+53 233 0
cfl=(45)
cfn=(84)
calls=0 -264062 169
* * 10
cfl=(45)
cfn=(84)
calls=0 -263988 186
* * 10

ob=
fl=(45)
fn=(142) runtime.bgscavenge.func2
+83 265 0
cfl=(7)
cfn=(13)
calls=0 -353711 43
* * 10
+77 276 0
cfl=(14)
cfn=(23)
calls=0 +77 19
* * 10

ob=
fl=(14)
fn=(23)
* 19 0
cfl=(1)
cfn=(9)
calls=0 -56910 264
* * 10

ob=
fl=(45)
fn=(142)
+42 277 0
cfl=(45)
cfn=(90)
calls=0 -261311 469
* * 10

ob=
fl=(15)
fn=(143) runtime.(*mheap).alloc.func1
+714 871 0
cfl=(15)
cfn=(24)
calls=0 -243725 1259
* * 20
cfl=(15)
cfn=(24)
calls=0 -243919 1242
* * 10

ob=
fl=(26)
fn=(144) runtime.mProf_Malloc.func1
+1263 357 0
cfl=(15)
cfn=(100)
calls=0 -238499 1742
* * 10

ob=
fl=(6)
fn=(145) runtime.newproc.func1
+5404 3381 0
cfl=(6)
cfn=(124)
calls=0 -144654 3433
* * 20
cfl=(6)
cfn=(124)
calls=0 -145446 3408
* * 10
cfl=(6)
cfn=(124)
calls=0 -145344 3451
* * 10
cfl=(6)
cfn=(124)
calls=0 -144785 3487
* * 10

ob=
fl=(6)
fn=(126)
+67 3592 0
cfl=(29)
cfn=(131)
calls=0 -93793 372
* * 10

ob=
fl=(11)
fn=(146) runtime.mcall
+2169 318 0
cfl=(6)
cfn=(118)
calls=0 -158181 2690
* * 1830
cfl=(6)
cfn=(121)
calls=0 -155564 2849
* * 360
cfl=(6)
cfn=(121)
calls=0 -155939 2796
* * 10

ob=
fl=(11)
fn=(53)
+139 370 0
cfl=(44)
cfn=(140)
calls=0 -12533 418
* * 190
cfl=(6)
cfn=(145)
calls=0 -2236 3381
* * 50
cfl=(22)
cfn=(141)
calls=0 -10811 1932
* * 30
cfl=(15)
cfn=(143)
calls=0 -8903 871
* * 30
cfl=(44)
cfn=(139)
calls=0 -12637 369
* * 10
cfl=(22)
cfn=(141)
calls=0 -10653 1951
* * 10
cfl=(45)
cfn=(142)
calls=0 -9736 265
* * 10
cfl=(45)
cfn=(142)
calls=0 -9659 276
* * 10
cfl=(45)
cfn=(142)
calls=0 -9617 277
* * 10
cfl=(26)
cfn=(144)
calls=0 -7640 357
* * 10

ob=
fl=(11)
fn=(147) runtime.morestack
+217 449 0
cfl=(29)
cfn=(132)
calls=0 -90984 1025
* * 10

ob=
fl=(38)
fn=(148) io.ReadAtLeast
+55960 310 0
cfl=(51) /usr/local/Cellar/go/1.14/libexec/src/bytes/reader.go
cfn=(149) bytes.(*Reader).Read
calls=0 +478690 45
* * 10

ob=
fl=(38)
fn=(150) io.copyBuffer
+1413 391 0
cfl=(37)
cfn=(59)
calls=0 +414337 202
* * 70
cfl=(37)
cfn=(59)
calls=0 +414442 204
* * 30
cfl=(37)
cfn=(59)
calls=0 +414304 200
* * 10

ob=
fl=(52) /usr/local/Cellar/go/1.14/libexec/src/syscall/env_unix.go
fn=(151) syscall.Environ
+3793 142 0
cfl=(49)
cfn=(129)
calls=0 -157792 49
* * 20

ob=
fl=(53) /usr/local/Cellar/go/1.14/libexec/src/syscall/exec_unix.go
fn=(152) syscall.SetNonblock
+3988 106 0
cfl=(5)
cfn=(153) syscall.fcntl
calls=0 +17899 338
* * 30

ob=
fl=(53)
fn=(154) syscall.forkExec
+690 196 0
cfl=(54) /usr/local/Cellar/go/1.14/libexec/src/syscall/forkpipe.go
cfn=(155) syscall.forkExecPipe
calls=0 +2198 15
* * 20
cfl=(54)
cfn=(155)
calls=0 +2130 11
* * 10
+363 206 0
cfl=(32)
cfn=(54)
calls=0 -11799 126
* * 10
+17 209 0
cfl=(5)
cfn=(11)
calls=0 +13906 519
* * 40
cfl=(5)
cfn=(11)
calls=0 +13918 519
* * 20
+39 210 0
cfl=(55) /usr/local/Cellar/go/1.14/libexec/src/syscall/syscall_darwin.go
cfn=(156) syscall.readlen
calls=0 +7699 364
* * 10
+53 211 0
cfl=(5)
cfn=(11)
calls=0 +13850 519
* * 50
cfl=(5)
cfn=(11)
calls=0 +13862 519
* * 10

ob=
fl=(54)
fn=(155)
+968 11 0
cfl=(55)
cfn=(157) syscall.Pipe
calls=0 +7098 177
* * 10
+68 15 0
cfl=(5)
cfn=(153)
calls=0 +11781 338
* * 20

ob=
fl=(56) /usr/local/Cellar/go/1.14/libexec/src/syscall/syscall_bsd.go
fn=(158) syscall.Wait4
+1018 129 0
cfl=(5)
cfn=(159) syscall.wait4
calls=0 +8944 44
* * 20

ob=
fl=(55)
fn=(157)
+5044 177 0
cfl=(5)
cfn=(160) syscall.pipe
calls=0 +10949 354
* * 20

ob=
fl=(55)
fn=(156)
+509 364 0
cfl=(1)
cfn=(4)
calls=0 -142244 64
* * 10

ob=
fl=(5)
fn=(159)
+2373 44 0
cfl=(1)
cfn=(26)
calls=0 -142657 75
* * 20

ob=
fl=(5)
fn=(153)
+2769 338 0
cfl=(1)
cfn=(4)
calls=0 -145126 64
* * 70

ob=
fl=(5)
fn=(160)
+254 354 0
cfl=(1)
cfn=(27)
calls=0 -147516 107
* * 20

ob=
fl=(5)
fn=(11)
+806 519 0
cfl=(1)
cfn=(4)
calls=0 -148149 64
* * 70

ob=
fl=(5)
fn=(161) syscall.read
+1914 1242 0
cfl=(1)
cfn=(4)
calls=0 -148955 64
* * 30

ob=
fl=(5)
fn=(162) syscall.write
+688 1734 0
cfl=(1)
cfn=(4)
calls=0 -150869 64
* * 10

ob=
fl=(5)
fn=(163) syscall.Fstat
+1419 1947 0
cfl=(1)
cfn=(4)
calls=0 -151557 64
* * 10

ob=
fl=(5)
fn=(164) syscall.Stat
+703 2017 0
cfl=(1)
cfn=(4)
calls=0 -152976 64
* * 210

ob=
fl=(57) /usr/local/Cellar/go/1.14/libexec/src/internal/poll/fd_mutex.go
fn=(165) internal/poll.(*FD).decref
+74018 213 0
cfl=(58) /usr/local/Cellar/go/1.14/libexec/src/internal/poll/fd_unix.go
cfn=(166) internal/poll.(*FD).destroy
calls=0 +76771 78
* * 40
cfl=(58)
cfn=(166)
calls=0 +76856 77
* * 20

ob=
fl=(59) /usr/local/Cellar/go/1.14/libexec/src/internal/poll/fd_poll_runtime.go
fn=(167) internal/poll.(*pollDesc).init
+607 39 0
cfl=(47)
cfn=(101)
calls=0 -374943 153
* * 10

ob=
fl=(58)
fn=(168) internal/poll.(*FD).Init
+1982 63 0
cfl=(59)
cfn=(167)
calls=0 * 39
* * 10

ob=
fl=(58)
fn=(166)
+164 78 0
cfl=(5)
cfn=(11)
calls=0 -81331 519
* * 40
+85 77 0
cfl=(59)
cfn=(169) internal/poll.(*pollDesc).close
calls=0 +85 55
* * 20

ob=
fl=(59)
fn=(169)
* 55 0
cfl=(47)
cfn=(103)
calls=0 -377590 169
* * 20

ob=
fl=(58)
fn=(170) internal/poll.(*FD).Close
+119 100 0
cfl=(57)
cfn=(165)
calls=0 -2838 213
* * 60
+85 96 0
cfl=(59)
cfn=(171) internal/poll.(*pollDesc).evict
calls=0 +85 64
* * 10

ob=
fl=(59)
fn=(171)
* 64 0
cfl=(47)
cfn=(105)
calls=0 -375658 308
* * 10

ob=
fl=(58)
fn=(172) internal/poll.(*FD).SetBlocking
+255 134 0
cfl=(53)
cfn=(152)
calls=0 -96755 106
* * 20

ob=
fl=(58)
fn=(173) internal/poll.(*FD).Read
+430 165 0
cfl=(60) /usr/local/Cellar/go/1.14/libexec/src/syscall/syscall_unix.go
cfn=(174) syscall.Read
calls=0 +430 189
* * 30

ob=
fl=(60)
fn=(174)
* 189 0
cfl=(5)
cfn=(161)
calls=0 -80555 1242
* * 30

ob=
fl=(58)
fn=(175) internal/poll.(*FD).Write
+2184 268 0
cfl=(60)
cfn=(176) syscall.Write
calls=0 +2184 214
* * 10

ob=
fl=(60)
fn=(176)
* 214 0
cfl=(5)
cfn=(162)
calls=0 -82051 1734
* * 10

ob=
fl=(61) /usr/local/Cellar/go/1.14/libexec/src/os/exec.go
fn=(177) os.StartProcess
+8899 102 0
cfl=(62) /usr/local/Cellar/go/1.14/libexec/src/os/exec_posix.go
cfn=(178) os.startProcess
calls=0 +10127 61
* * 1120
cfl=(62)
cfn=(178)
calls=0 +10198 61
* * 190
cfl=(62)
cfn=(178)
calls=0 +9863 52
* * 170
cfl=(62)
cfn=(178)
calls=0 +9732 49
* * 20

ob=
fl=(34)
fn=(179) os.(*File).Fd
+833 76 0
cfl=(58)
cfn=(172)
calls=0 -11513 134
* * 20

ob=
fl=(62)
fn=(178)
* 49 0
cfl=(34)
cfn=(179)
calls=0 * 76
* * 20
+131 52 0
cfl=(53)
cfn=(180) syscall.StartProcess
calls=0 +131 248
* * 170

ob=
fl=(53)
fn=(180)
* 248 0
cfl=(53)
cfn=(154)
calls=0 -108417 209
* * 60
cfl=(53)
cfn=(154)
calls=0 -108325 211
* * 60
cfl=(53)
cfn=(154)
calls=0 -108797 196
* * 30
cfl=(53)
cfn=(154)
calls=0 -108434 206
* * 10
cfl=(53)
cfn=(154)
calls=0 -108378 210
* * 10

ob=
fl=(61)
fn=(181) os.newProcess
+264 25 0
cfl=(2)
cfn=(64)
calls=0 -529640 1165
* * 1120

ob=
fl=(62)
fn=(178)
* 61 0
cfl=(61)
cfn=(181)
calls=0 * 25
* * 1120

ob=
fl=(61)
fn=(181)
+71 26 0
cfl=(44)
cfn=(80)
calls=0 -482216 417
* * 190

ob=
fl=(62)
fn=(178)
* 61 0
cfl=(61)
cfn=(181)
calls=0 * 26
* * 190

ob=
fl=(17)
fn=(30)
+1113 37 0
cfl=(2)
cfn=(64)
calls=0 -529975 1165
* * 20
+51 38 0
cfl=(56)
cfn=(158)
calls=0 -107719 129
* * 20
+60 45 0
cfl=(2)
cfn=(64)
calls=0 -531139 1165
* * 50

ob=
fl=(63) /usr/local/Cellar/go/1.14/libexec/src/os/file.go
fn=(182) os.(*File).Read
+1674 116 0
cfl=(34)
cfn=(183) os.(*File).read
calls=0 +1674 263
* * 30

ob=
fl=(34)
fn=(183)
* 263 0
cfl=(58)
cfn=(173)
calls=0 -15280 165
* * 30

ob=
fl=(63)
fn=(184) os.(*File).Write
+1622 153 0
cfl=(34)
cfn=(185) os.(*File).write
calls=0 +1622 280
* * 10

ob=
fl=(34)
fn=(185)
* 280 0
cfl=(58)
cfn=(175)
calls=0 -14718 268
* * 10

ob=
fl=(63)
fn=(186) os.OpenFile
+1788 307 0
cfl=(34)
cfn=(187) os.openFileNolog
calls=0 +4471 226
* * 130

ob=
fl=(34)
fn=(56)
+1616 113 0
cfl=(2)
cfn=(64)
calls=0 -536283 1165
* * 100
+29 113 0
cfl=(2)
cfn=(64)
calls=0 -537899 1165
* * 10
+164 155 0
cfl=(58)
cfn=(168)
calls=0 -21473 63
* * 10
+127 165 0
cfl=(53)
cfn=(152)
calls=0 -117939 106
* * 10
+82 132 0
cfl=(5)
cfn=(163)
calls=0 -99074 1947
* * 10

ob=
fl=(34)
fn=(187)
+665 226 0
cfl=(34)
cfn=(56)
calls=0 -402 113
* * 100
cfl=(34)
cfn=(56)
calls=0 -283 113
* * 10
cfl=(34)
cfn=(56)
calls=0 -209 155
* * 10
cfl=(34)
cfn=(56)
calls=0 * 132
* * 10

ob=
fl=(34)
fn=(188) os.(*File).Close
+245 237 0
cfl=(34)
cfn=(189) os.(*file).close
calls=0 +399 248
* * 30
cfl=(34)
cfn=(189)
calls=0 +587 256
* * 10

ob=
fl=(34)
fn=(189)
+154 248 0
cfl=(58)
cfn=(170)
calls=0 -22388 100
* * 60
cfl=(58)
cfn=(170)
calls=0 -22303 96
* * 10
+188 256 0
cfl=(44)
cfn=(80)
calls=0 -491352 368
* * 10

ob=
fl=(64) /usr/local/Cellar/go/1.14/libexec/src/os/pipe_bsd.go
fn=(190) os.Pipe
+3579 18 0
cfl=(55)
cfn=(157)
calls=0 -111140 177
* * 10
+249 23 0
cfl=(53)
cfn=(191) syscall.CloseOnExec
calls=0 +249 103
* * 10

ob=
fl=(53)
fn=(191)
* 103 0
cfl=(5)
cfn=(153)
calls=0 -109317 338
* * 10

ob=
fl=(64)
fn=(190)
+32 24 0
cfl=(53)
cfn=(191)
calls=0 +32 103
* * 10

ob=
fl=(53)
fn=(191)
* 103 0
cfl=(5)
cfn=(153)
calls=0 -109349 338
* * 10

ob=
fl=(64)
fn=(190)
+71 27 0
cfl=(34)
cfn=(56)
calls=0 -5485 113
* * 10
+54 27 0
cfl=(34)
cfn=(56)
calls=0 -5265 165
* * 10

ob=
fl=(65) /usr/local/Cellar/go/1.14/libexec/src/os/stat.go
fn=(192) os.Stat
+363 12 0
cfl=(33)
cfn=(55)
calls=0 -99832 66
* * 10
+24 13 0
cfl=(66) /usr/local/Cellar/go/1.14/libexec/src/os/stat_unix.go
cfn=(193) os.statNolog
calls=0 +1159 31
* * 210
cfl=(66)
cfn=(193)
calls=0 +1116 30
* * 50

ob=
fl=(66)
fn=(193)
+1092 30 0
cfl=(2)
cfn=(64)
calls=0 -543925 1165
* * 50
+43 31 0
cfl=(5)
cfn=(164)
calls=0 -105169 2017
* * 210

ob=
fl=(67) /usr/local/Cellar/go/1.14/libexec/src/fmt/print.go
fn=(194) fmt.Fprintf
+194982 204 0
cfl=(67)
cfn=(195) fmt.(*pp).doPrintf
calls=0 +227599 991
* * 10
+51 205 0
cfl=(63)
cfn=(184)
calls=0 -205547 153
* * 10

ob=
fl=(67)
fn=(196) fmt.(*buffer).writeString
+32566 82 0
cfl=(49)
cfn=(130)
calls=0 -485031 175
* * 10

ob=
fl=(67)
fn=(195)
* 991 0
cfl=(67)
cfn=(196)
calls=0 * 82
* * 10

ob=
fl=(36)
fn=(58)
+20541 256 0
cfl=(49)
cfn=(129)
calls=0 -518079 49
* * 20

ob=
fl=(36)
fn=(197) strings.Replace
+10833 941 0
cfl=(49)
cfn=(129)
calls=0 -538620 49
* * 10

ob=
fl=(37)
fn=(198) bytes.(*Buffer).grow
+20210 142 0
cfl=(37)
cfn=(199) bytes.makeSlice
calls=0 +21786 229
* * 50
+161 143 0
cfl=(16)
cfn=(29)
calls=0 -456281 183
* * 20

ob=
fl=(37)
fn=(59)
+892 202 0
cfl=(37)
cfn=(198)
calls=0 -161 142
* * 50
cfl=(37)
cfn=(198)
calls=0 * 143
* * 20
+105 204 0
cfl=(63)
cfn=(182)
calls=0 -292423 116
* * 30

ob=
fl=(37)
fn=(199)
+418 229 0
cfl=(49)
cfn=(129)
calls=0 -570821 49
* * 50

ob=
fl=(51)
fn=(149)
+7870 45 0
cfl=(16)
cfn=(29)
calls=0 -457072 380
* * 10

ob=
fl=(68) /usr/local/Cellar/go/1.14/libexec/src/runtime/pprof/pprof.go
fn=(200) runtime/pprof.profileWriter
+300058 766 0
cfl=(41)
cfn=(65)
calls=0 -857727 208
* * 10

ob=
fl=(69) /Users/flaviostutz/go/pkg/mod/github.com/flaviostutz/signalutils@v1.6.0/worker.go
fn=(201) github.com/flaviostutz/signalutils.(*Worker).run
+132930 64 0
cfl=(39)
cfn=(62)
calls=0 +1665073 265
* * 1590
cfl=(39)
cfn=(62)
calls=0 +1664864 209
* * 480
cfl=(39)
cfn=(62)
calls=0 +1665576 228
* * 220
cfl=(39)
cfn=(62)
calls=0 +1665477 224
* * 140
cfl=(39)
cfn=(62)
calls=0 +1665403 218
* * 20
cfl=(39)
cfn=(62)
calls=0 +1665506 224
* * 10
cfl=(39)
cfn=(62)
calls=0 +1665650 233
* * 10
cfl=(39)
cfn=(62)
calls=0 +1666736 246
* * 10

ob=
fl=(63)
fn=(202) os.Open
+25807 287 0
cfl=(63)
cfn=(186)
calls=0 -730394 307
* * 130

ob=
fl=(18)
fn=(203) os/exec.(*Cmd).stdin
* 245 0
cfl=(63)
cfn=(202)
calls=0 * 287
* * 130

ob=
fl=(18)
fn=(204) os/exec.(*Cmd).stdout
+401 278 0
cfl=(18)
cfn=(205) os/exec.(*Cmd).writerDescriptor
calls=0 +825 302
* * 50

ob=
fl=(18)
fn=(205)
+424 302 0
cfl=(64)
cfn=(190)
calls=0 -749753 18
* * 10
cfl=(64)
cfn=(190)
calls=0 -749504 23
* * 10
cfl=(64)
cfn=(190)
calls=0 -749472 24
* * 10
cfl=(64)
cfn=(190)
calls=0 -749401 27
* * 10
cfl=(64)
cfn=(190)
calls=0 -749347 27
* * 10

ob=
fl=(18)
fn=(206) os/exec.(*Cmd).closeDescriptors
+1397 319 0
cfl=(34)
cfn=(188)
calls=0 -754098 237
* * 40

ob=
fl=(18)
fn=(60)
+391 406 0
cfl=(18)
cfn=(203)
calls=0 -2222 245
* * 130
cfl=(18)
cfn=(204)
calls=0 -1821 278
* * 50
+694 420 0
cfl=(18)
cfn=(207) os/exec.dedupEnv
calls=0 +694 737
* * 30

ob=
fl=(18)
fn=(207)
* 737 0
cfl=(18)
cfn=(208) os/exec.dedupEnvCase
calls=0 +3361 759
* * 20
cfl=(18)
cfn=(208)
calls=0 +2738 744
* * 10

ob=
fl=(18)
fn=(60)
+245 417 0
cfl=(61)
cfn=(177)
calls=0 -767115 102
* * 1500
+97 429 0
cfl=(18)
cfn=(206)
calls=0 -1330 319
* * 40
+45 433 0
cfl=(40)
cfn=(63)
calls=0 -1328129 105
* * 10
cfl=(40)
cfn=(63)
calls=0 -1328090 106
* * 10
+110 435 0
cfl=(6)
cfn=(123)
calls=0 -1094764 3380
* * 20
+100 442 0
cfl=(40)
cfn=(63)
calls=0 -1328171 95
* * 40
+58 443 0
cfl=(6)
cfn=(123)
calls=0 -1094974 3380
* * 20

ob=
fl=(70) /usr/local/Cellar/go/1.14/libexec/src/os/env.go
fn=(209) os.Environ
+244 140 0
cfl=(52)
cfn=(151)
calls=0 -880281 142
* * 20

ob=
fl=(18)
fn=(60)
* 420 0
cfl=(18)
cfn=(210) os/exec.(*Cmd).envv
calls=0 * 229
* * 20

ob=
fl=(18)
fn=(210)
* 229 0
cfl=(70)
cfn=(209)
calls=0 * 140
* * 20

ob=
fl=(61)
fn=(211) os.(*Process).Wait
+918 125 0
cfl=(17)
cfn=(30)
calls=0 -765491 45
* * 50
cfl=(17)
cfn=(30)
calls=0 -765602 37
* * 20
cfl=(17)
cfn=(30)
calls=0 -765551 38
* * 20
cfl=(17)
cfn=(30)
calls=0 -765480 46
* * 20

ob=
fl=(18)
fn=(212) os/exec.(*Cmd).Wait
* 502 0
cfl=(61)
cfn=(211)
calls=0 * 125
* * 110

ob=
fl=(18)
fn=(208)
+921 744 0
cfl=(43)
cfn=(76)
calls=0 -1294065 328
* * 10
+623 759 0
cfl=(12)
cfn=(21)
calls=0 -1273445 281
* * 20

ob=
fl=(71) /usr/local/Cellar/go/1.14/libexec/src/os/exec/lp_unix.go
fn=(213) os/exec.findExecutable
+417 20 0
cfl=(65)
cfn=(192)
calls=0 -755227 13
* * 240
cfl=(65)
cfn=(192)
calls=0 -755251 12
* * 10

ob=
fl=(71)
fn=(214) os/exec.LookPath
+505 53 0
cfl=(71)
cfn=(213)
calls=0 * 20
* * 250
+310 47 0
cfl=(72) /usr/local/Cellar/go/1.14/libexec/src/path/filepath/path.go
cfn=(215) path/filepath.SplitList
calls=0 +310 187
* * 20

ob=
fl=(72)
fn=(215)
* 187 0
cfl=(73) /usr/local/Cellar/go/1.14/libexec/src/path/filepath/path_unix.go
cfn=(216) path/filepath.splitList
calls=0 * 34
* * 20

ob=
fl=(73)
fn=(216)
* 34 0
cfl=(36)
cfn=(217) strings.Split
calls=0 * 308
* * 20

ob=
fl=(36)
fn=(217)
* 308 0
cfl=(36)
cfn=(58)
calls=0 -507184 256
* * 10
cfl=(36)
cfn=(58)
calls=0 -506980 264
* * 10

ob=
fl=(18)
fn=(218) os/exec.(*Cmd).writerDescriptor.func1
+783 310 0
cfl=(38)
cfn=(61)
calls=0 +783 364
* * 10

ob=
fl=(38)
fn=(61)
+12 364 0
cfl=(38)
cfn=(150)
calls=0 -888795 391
* * 110

ob=
fl=(18)
fn=(218)
* 310 0
cfl=(38)
cfn=(61)
calls=0 * 364
* * 110

ob=
fl=(34)
fn=(188)
+65 237 0
cfl=(34)
cfn=(189)
calls=0 -761814 248
* * 40

ob=
fl=(18)
fn=(218)
* 311 0
cfl=(34)
cfn=(188)
calls=0 * 237
* * 40

ob=
fl=(18)
fn=(219) os/exec.(*Cmd).Start.func1
+67 436 0
cfl=(18)
cfn=(218)
calls=0 -65 310
* * 110
cfl=(18)
cfn=(218)
calls=0 * 311
* * 40
cfl=(18)
cfn=(218)
calls=0 -77 310
* * 10

ob=
fl=(18)
fn=(31)
+269 444 0
cfl=(28)
cfn=(46)
calls=0 -1066688 291
* * 10

ob=
fl=(74) /Users/flaviostutz/go/pkg/mod/github.com/shirou/gopsutil@v2.20.6+incompatible/internal/common/binary.go
fn=(220) github.com/shirou/gopsutil/internal/common.Read
+1519 215 0
cfl=(49)
cfn=(129)
calls=0 -1047000 49
* * 10
+147 216 0
cfl=(38)
cfn=(221) io.ReadFull
calls=0 +147 329
* * 10

ob=
fl=(38)
fn=(221)
* 329 0
cfl=(38)
cfn=(148)
calls=0 -892287 310
* * 10

ob=
fl=(74)
fn=(220)
+100 219 0
cfl=(74)
cfn=(222) github.com/shirou/gopsutil/internal/common.(*decoder).value
calls=0 +6670 472
* * 10

ob=
fl=(74)
fn=(222)
+5819 459 0
cfl=(74)
cfn=(222)
calls=0 +8611 494
* * 10
+751 472 0
cfl=(74)
cfn=(222)
calls=0 * 459
* * 10
+2041 494 0
cfl=(35)
cfn=(57)
calls=0 -629367 1687
* * 10

ob=
fl=(75) /Users/flaviostutz/go/pkg/mod/github.com/shirou/gopsutil@v2.20.6+incompatible/internal/common/common.go
fn=(223) github.com/shirou/gopsutil/internal/common.Invoke.CommandWithContext
+2243 53 0
cfl=(18)
cfn=(60)
calls=0 -15921 417
* * 1500
cfl=(18)
cfn=(60)
calls=0 -16860 406
* * 180
cfl=(18)
cfn=(60)
calls=0 -15824 429
* * 40
cfl=(18)
cfn=(60)
calls=0 -15569 442
* * 40
cfl=(18)
cfn=(60)
calls=0 -16166 420
* * 30
cfl=(18)
cfn=(60)
calls=0 -15779 433
* * 20
cfl=(18)
cfn=(60)
calls=0 -15669 435
* * 20
cfl=(18)
cfn=(60)
calls=0 -15511 443
* * 20
cfl=(18)
cfn=(60)
calls=0 -15267 420
* * 20
cfl=(18)
cfn=(60)
calls=0 -15884 417
* * 10
+130 57 0
cfl=(18)
cfn=(212)
calls=0 -16592 502
* * 110

ob=
fl=(75)
fn=(224) github.com/shirou/gopsutil/internal/common.IntToString
+398 144 0
cfl=(49)
cfn=(129)
calls=0 -1059750 49
* * 10

ob=
fl=(76) /Users/flaviostutz/go/pkg/mod/github.com/shirou/gopsutil@v2.20.6+incompatible/process/process.go
fn=(225) github.com/shirou/gopsutil/process.NewProcess
+243090 159 0
cfl=(76)
cfn=(226) github.com/shirou/gopsutil/process.PidExists
calls=0 +243090 171
* * 20

ob=
fl=(76)
fn=(226)
* 171 0
cfl=(77) /Users/flaviostutz/go/pkg/mod/github.com/shirou/gopsutil@v2.20.6+incompatible/process/process_posix.go
cfn=(227) github.com/shirou/gopsutil/process.PidExistsWithContext
calls=0 +8865 83
* * 20

ob=
fl=(76)
fn=(228) github.com/shirou/gopsutil/process.(*Process).CreateTime
+67 249 0
cfl=(76)
cfn=(229) github.com/shirou/gopsutil/process.(*Process).CreateTimeWithContext
calls=0 +644 256
* * 1190

ob=
fl=(76)
fn=(225)
* 166 0
cfl=(76)
cfn=(228)
calls=0 * 249
* * 1190

ob=
fl=(76)
fn=(230) github.com/shirou/gopsutil/process.(*Process).IsRunningWithContext
+234 236 0
cfl=(76)
cfn=(225)
calls=0 * 166
* * 710
cfl=(76)
cfn=(225)
calls=0 -67 159
* * 20

ob=
fl=(76)
fn=(229)
+343 256 0
cfl=(78) /Users/flaviostutz/go/pkg/mod/github.com/shirou/gopsutil@v2.20.6+incompatible/process/process_darwin.go
cfn=(231) github.com/shirou/gopsutil/process.(*Process).createTimeWithContext
calls=0 +2246 151
* * 1180
cfl=(78)
cfn=(231)
calls=0 +2372 156
* * 10

ob=
fl=(78)
fn=(232) github.com/shirou/gopsutil/process.(*Process).NameWithContext
+769 89 0
cfl=(78)
cfn=(233) github.com/shirou/gopsutil/process.(*Process).getKProc
calls=0 +769 591
* * 90

ob=
fl=(78)
fn=(233)
* 591 0
cfl=(78)
cfn=(234) github.com/shirou/gopsutil/process.(*Process).getKProcWithContext
calls=0 +4755 610
* * 50
cfl=(78)
cfn=(234)
calls=0 +4837 610
* * 40

ob=
fl=(78)
fn=(232)
+59 93 0
cfl=(75)
cfn=(224)
calls=0 -244503 144
* * 10
+103 96 0
cfl=(78)
cfn=(235) github.com/shirou/gopsutil/process.(*Process).CmdlineSliceWithContext
calls=0 +796 143
* * 370

ob=
fl=(78)
fn=(236) github.com/shirou/gopsutil/process.(*Process).CmdlineWithContext
+376 126 0
cfl=(78)
cfn=(237) github.com/shirou/gopsutil/process.callPsWithContext
calls=0 +5489 636
* * 610
cfl=(78)
cfn=(237)
calls=0 +5106 623
* * 130
cfl=(78)
cfn=(237)
calls=0 +5953 645
* * 10

ob=
fl=(78)
fn=(235)
+317 143 0
cfl=(78)
cfn=(237)
calls=0 +5113 636
* * 340
cfl=(78)
cfn=(237)
calls=0 +4730 623
* * 20
cfl=(78)
cfn=(237)
calls=0 +6080 649
* * 10

ob=
fl=(78)
fn=(231)
+279 151 0
cfl=(78)
cfn=(237)
calls=0 +4796 636
* * 1040
cfl=(78)
cfn=(237)
calls=0 +4413 623
* * 120
cfl=(78)
cfn=(237)
calls=0 +6008 634
* * 20
+126 156 0
cfl=(36)
cfn=(197)
calls=0 -756332 941
* * 10

ob=
fl=(78)
fn=(238) github.com/shirou/gopsutil/process.ProcessesWithContext
+2504 566 0
cfl=(76)
cfn=(225)
calls=0 -2606 166
* * 480

ob=
fl=(78)
fn=(239) github.com/shirou/gopsutil/process.parseKinfoProc
+357 577 0
cfl=(2)
cfn=(64)
calls=0 -1562995 1165
* * 10
+154 580 0
cfl=(74)
cfn=(220)
calls=0 -260253 215
* * 10
cfl=(74)
cfn=(220)
calls=0 -260106 216
* * 10
cfl=(74)
cfn=(220)
calls=0 -260006 219
* * 10

ob=
fl=(78)
fn=(234)
+480 610 0
cfl=(2)
cfn=(64)
calls=0 -1563506 1165
* * 50
+82 610 0
cfl=(78)
cfn=(239)
calls=0 -480 580
* * 30
cfl=(78)
cfn=(239)
calls=0 -634 577
* * 10

ob=
fl=(78)
fn=(237)
+431 623 0
cfl=(71)
cfn=(214)
calls=0 -263994 53
* * 250
cfl=(71)
cfn=(214)
calls=0 -263684 47
* * 20
+383 636 0
cfl=(75)
cfn=(223)
calls=0 -250299 53
* * 1880
cfl=(75)
cfn=(223)
calls=0 -250169 57
* * 110
+464 645 0
cfl=(36)
cfn=(217)
calls=0 +464 308
* * 10

ob=
fl=(36)
fn=(217)
* 308 0
cfl=(36)
cfn=(58)
calls=0 -772146 256
* * 10

ob=
fl=(78)
fn=(237)
+503 649 0
cfl=(49)
cfn=(130)
calls=0 -1310136 181
* * 10
+245 634 0
cfl=(2)
cfn=(64)
calls=0 -1565849 1165
* * 20

ob=
fl=(77)
fn=(227)
+589 83 0
cfl=(65)
cfn=(192)
calls=0 -1022169 13
* * 20

ob=
fl=(39)
fn=(240) github.com/flaviostutz/perfstat/stats.(*ProcessStats).addProcessStats
+1230023 68 0
cfl=(76)
cfn=(241) github.com/shirou/gopsutil/process.(*Process).IsRunning
calls=0 +1230023 228
* * 730

ob=
fl=(76)
fn=(241)
* 228 0
cfl=(76)
cfn=(230)
calls=0 -1238587 236
* * 730

ob=
fl=(39)
fn=(240)
+89 78 0
cfl=(78)
cfn=(242) github.com/shirou/gopsutil/process.(*Process).Cmdline
calls=0 +89 122
* * 530

ob=
fl=(78)
fn=(242)
* 122 0
cfl=(78)
cfn=(236)
calls=0 -1237026 126
* * 530

ob=
fl=(39)
fn=(240)
+99 82 0
cfl=(78)
cfn=(243) github.com/shirou/gopsutil/process.(*Process).Name
calls=0 +99 85
* * 330

ob=
fl=(78)
fn=(243)
* 85 0
cfl=(78)
cfn=(232)
calls=0 -1237501 96
* * 250
cfl=(78)
cfn=(232)
calls=0 -1237663 89
* * 80

ob=
fl=(39)
fn=(62)
+1717 209 0
cfl=(78)
cfn=(244) github.com/shirou/gopsutil/process.Processes
calls=0 +1717 554
* * 480

ob=
fl=(78)
fn=(244)
* 554 0
cfl=(78)
cfn=(238)
calls=0 -1235616 566
* * 480

ob=
fl=(39)
fn=(62)
+209 265 0
cfl=(39)
cfn=(240)
calls=0 -1905 68
* * 730
cfl=(39)
cfn=(240)
calls=0 -1816 78
* * 530
cfl=(39)
cfn=(240)
calls=0 -1717 82
* * 330

ob=
fl=(67)
fn=(245) fmt.Printf
+330 213 0
cfl=(67)
cfn=(194)
calls=0 -2058778 204
* * 10
cfl=(67)
cfn=(194)
calls=0 -2058727 205
* * 10

ob=
fl=(39)
fn=(62)
* 218 0
cfl=(67)
cfn=(245)
calls=0 * 213
* * 20
+74 224 0
cfl=(78)
cfn=(243)
calls=0 +74 85
* * 140

ob=
fl=(78)
fn=(243)
* 85 0
cfl=(78)
cfn=(232)
calls=0 -1239831 96
* * 120
cfl=(78)
cfn=(232)
calls=0 -1239993 89
* * 10
cfl=(78)
cfn=(232)
calls=0 -1239934 93
* * 10

ob=
fl=(39)
fn=(62)
+99 228 0
cfl=(78)
cfn=(242)
calls=0 +99 122
* * 220

ob=
fl=(78)
fn=(242)
* 122 0
cfl=(78)
cfn=(236)
calls=0 -1239554 126
* * 220

ob=
fl=(39)
fn=(62)
+74 233 0
cfl=(2)
cfn=(64)
calls=0 -2799323 1165
* * 10
+1086 246 0
cfl=(2)
cfn=(64)
calls=0 -2799397 1165
* * 10
